<?xml version="1.0" encoding="UTF-8"?>
<!-- Generated by org.testng.reporters.JUnitXMLReporter -->
<testsuite ignored="2" hostname="FVFHXH2BQ6LR" failures="0" tests="19" name="Test" time="118.813" errors="0" timestamp="2023-05-19T21:11:45 IST">
  <testcase classname="tests.verifyregister" name="verifyingregister" time="23.912"/>
  <testcase classname="tests.verifyregister" name="verifyingregister" time="10.234"/>
  <testcase classname="tests.verifyregister" name="verifyingregister" time="1.112"/>
  <testcase classname="tests.verifyregister" name="verifyingregister" time="0.531"/>
  <testcase classname="tests.verifyregister" name="verifyingregister" time="0.234"/>
  <testcase classname="tests.verifyregister" name="verifyingregister" time="0.66"/>
  <testcase classname="tests.verifyregister" name="verifyingregister" time="0.818"/>
  <testcase classname="tests.verifyregister" name="verifyingregister" time="0.65"/>
  <testcase classname="tests.verifyregister" name="verifyingregister" time="7.355"/>
  <testcase classname="tests.verifyregister" name="verifyingregister" time="2.07"/>
  <testcase classname="tests.verifyregister" name="verifyingregister" time="0.265"/>
  <testcase classname="tests.verifyregister" name="verifyingregister" time="0.209"/>
  <testcase classname="tests.verifyregister" name="verifyingregister" time="0.177"/>
  <testcase classname="tests.verifyregister" name="verifyingregister" time="14.03"/>
  <testcase classname="tests.verifylogin" name="executeLogin" time="16.23"/>
  <testcase classname="tests.verifylogin" name="executeLogin" time="0.322"/>
  <testcase classname="tests.verifylogin" name="executeLogin" time="8.872"/>
  <testcase classname="tests.verifylogout" name="logout" time="9.066"/>
  <testcase classname="tests.verifylogout" name="logout" time="0.561"/>
  <testcase classname="base.base" name="@BeforeTest setup" time="0.0">
    <ignored/>
  </testcase> <!-- @BeforeTest setup -->
  <testcase classname="base.base" name="@BeforeTest setup" time="0.0">
    <ignored/>
  </testcase> <!-- @BeforeTest setup -->
</testsuite> <!-- Test -->
